<?xml version="1.0" encoding="UTF-8"?>
<!-- Generated by org.testng.reporters.JUnitReportReporter -->
<testsuite skipped="0" hostname="DESKTOP-FIGIH8S" name="folder.fol" tests="1" failures="0" timestamp="2022-08-30T03:09:20 IST" time="0.024" errors="0">
  <testcase name="Test1" time="0.024" classname="folder.fol"/>
  <system-out/>
</testsuite> <!-- folder.fol -->
